<?xml version="1.0" encoding="UTF-8"?>
<TestRun id="219ac79c-90cc-4a20-b7ee-7fd612f90944" name="ppaluch@PPALUCH-PC 2011-07-01 11:11:42" runUser="ppaluch-PC\ppaluch" xmlns="http://microsoft.com/schemas/VisualStudio/TeamTest/2010">
  <TestSettings name="Local" id="0fe7432d-44f5-4c37-bd61-36814148c0df">
    <Description>These are default test settings for a local test run.</Description>
    <Deployment enabled="false" runDeploymentRoot="ppaluch_PPALUCH-PC 2011-07-01 11_11_42">
      <DeploymentItem filename="C:\Users\ppaluch\Documents\Visual Studio 2010\Projects\Kongsberg.AVL\Kongsberg.AVL\bin\Debug\Kongsberg.AVL.dll" />
    </Deployment>
    <Execution>
      <TestTypeSpecific />
      <AgentRule name="Execution Agents">
      </AgentRule>
    </Execution>
  </TestSettings>
  <Times creation="2011-07-01T11:11:42.7926016+02:00" queuing="2011-07-01T11:11:42.8406028+02:00" start="2011-07-01T11:11:42.9606059+02:00" finish="2011-07-01T11:11:44.1116355+02:00" />
  <ResultSummary outcome="Failed">
    <Counters total="1" executed="1" error="0" failed="1" timeout="0" aborted="0" inconclusive="0" passedButRunAborted="0" notRunnable="0" notExecuted="0" disconnected="0" warning="0" passed="0" completed="0" inProgress="0" pending="0" />
  </ResultSummary>
  <TestDefinitions>
    <UnitTest name="AssertLeafEqualToActionObjectWhenMultipleNodesToMultiLevelTreeAdded" storage="c:\users\ppaluch\documents\visual studio 2010\projects\kongsberg.avl\kongsberg.avl.tests\bin\debug\kongsberg.avl.tests.dll" id="ac3c320c-83f7-a2eb-fbf0-3a8648275b07">
      <Execution id="731869ea-e029-4710-9c85-90abf5988c3c" />
      <TestMethod codeBase="C:/Users/ppaluch/Documents/Visual Studio 2010/Projects/Kongsberg.AVL/Kongsberg.AVL.Tests/bin/Debug/Kongsberg.AVL.Tests.DLL" adapterTypeName="Microsoft.VisualStudio.TestTools.TestTypes.Unit.UnitTestAdapter, Microsoft.VisualStudio.QualityTools.Tips.UnitTest.Adapter, Version=10.0.0.0, Culture=neutral, PublicKeyToken=b03f5f7f11d50a3a" className="Kongsberg.AVL.Tests.AVLTreeTest, Kongsberg.AVL.Tests, Version=1.0.0.0, Culture=neutral, PublicKeyToken=null" name="AssertLeafEqualToActionObjectWhenMultipleNodesToMultiLevelTreeAdded" />
    </UnitTest>
  </TestDefinitions>
  <TestLists>
    <TestList name="Results Not in a List" id="8c84fa94-04c1-424b-9868-57a2d4851a1d" />
    <TestList name="All Loaded Results" id="19431567-8539-422a-85d7-44ee4e166bda" />
  </TestLists>
  <TestEntries>
    <TestEntry testId="ac3c320c-83f7-a2eb-fbf0-3a8648275b07" executionId="731869ea-e029-4710-9c85-90abf5988c3c" testListId="8c84fa94-04c1-424b-9868-57a2d4851a1d" />
  </TestEntries>
  <Results>
    <UnitTestResult executionId="731869ea-e029-4710-9c85-90abf5988c3c" testId="ac3c320c-83f7-a2eb-fbf0-3a8648275b07" testName="AssertLeafEqualToActionObjectWhenMultipleNodesToMultiLevelTreeAdded" computerName="PPALUCH-PC" duration="00:00:00.0667849" startTime="2011-07-01T11:11:43.2806141+02:00" endTime="2011-07-01T11:11:43.8756294+02:00" testType="13cdc9d9-ddb5-4fa4-a97d-d965ccfc6d4b" outcome="Failed" testListId="8c84fa94-04c1-424b-9868-57a2d4851a1d" relativeResultsDirectory="731869ea-e029-4710-9c85-90abf5988c3c">
      <Output>
        <ErrorInfo>
          <Message>Test method Kongsberg.AVL.Tests.AVLTreeTest.AssertLeafEqualToActionObjectWhenMultipleNodesToMultiLevelTreeAdded threw exception: 
System.NullReferenceException: Object reference not set to an instance of an object.</Message>
          <StackTrace>    at Kongsberg.AVL.AVLTree.FindNode(Byte[] nodePath) in C:\Users\ppaluch\Documents\Visual Studio 2010\Projects\Kongsberg.AVL\Kongsberg.AVL\AVLTree.cs:line 298
   at Kongsberg.AVL.Tests.AVLTreeTest.AssertLeafEqualToActionObjectWhenMultipleNodesToMultiLevelTreeAdded() in C:\Users\ppaluch\Documents\Visual Studio 2010\Projects\Kongsberg.AVL\Kongsberg.AVL.Tests\AVLTreeTest.cs:line 262
</StackTrace>
        </ErrorInfo>
      </Output>
    </UnitTestResult>
  </Results>
</TestRun>