<?xml version="1.0" encoding="UTF-8"?>
<TestRun id="65c97553-4973-46f0-9a14-526067e47504" name="ppaluch@PPALUCH-PC 2011-07-01 10:23:43" runUser="ppaluch-PC\ppaluch" xmlns="http://microsoft.com/schemas/VisualStudio/TeamTest/2010">
  <TestSettings name="Local" id="0fe7432d-44f5-4c37-bd61-36814148c0df">
    <Description>These are default test settings for a local test run.</Description>
    <Deployment enabled="false" runDeploymentRoot="ppaluch_PPALUCH-PC 2011-07-01 10_23_43">
      <DeploymentItem filename="C:\Users\ppaluch\Documents\Visual Studio 2010\Projects\Kongsberg.AVL\Kongsberg.AVL\bin\Debug\Kongsberg.AVL.dll" />
    </Deployment>
    <Execution>
      <TestTypeSpecific />
      <AgentRule name="Execution Agents">
      </AgentRule>
    </Execution>
  </TestSettings>
  <Times creation="2011-07-01T10:23:43.9706177+02:00" queuing="2011-07-01T10:23:44.0286192+02:00" start="2011-07-01T10:23:44.0616201+02:00" finish="2011-07-01T10:23:45.2186498+02:00" />
  <ResultSummary outcome="Failed">
    <Counters total="6" executed="6" passed="5" error="0" failed="1" timeout="0" aborted="0" inconclusive="0" passedButRunAborted="0" notRunnable="0" notExecuted="0" disconnected="0" warning="0" completed="0" inProgress="0" pending="0" />
  </ResultSummary>
  <TestDefinitions>
    <UnitTest name="AssertLRTreeRotationDone" storage="c:\users\ppaluch\documents\visual studio 2010\projects\kongsberg.avl\kongsberg.avl.tests\bin\debug\kongsberg.avl.tests.dll" id="e634ea4f-e046-3b2f-3fcf-6d25276741c4">
      <Execution id="8103188f-9ac1-4c88-a450-7020ab25ced0" />
      <TestMethod codeBase="C:/Users/ppaluch/Documents/Visual Studio 2010/Projects/Kongsberg.AVL/Kongsberg.AVL.Tests/bin/Debug/Kongsberg.AVL.Tests.DLL" adapterTypeName="Microsoft.VisualStudio.TestTools.TestTypes.Unit.UnitTestAdapter, Microsoft.VisualStudio.QualityTools.Tips.UnitTest.Adapter, Version=10.0.0.0, Culture=neutral, PublicKeyToken=b03f5f7f11d50a3a" className="Kongsberg.AVL.Tests.AVLTreeTest, Kongsberg.AVL.Tests, Version=1.0.0.0, Culture=neutral, PublicKeyToken=null" name="AssertLRTreeRotationDone" />
    </UnitTest>
    <UnitTest name="AssertRLTreeRotationDone" storage="c:\users\ppaluch\documents\visual studio 2010\projects\kongsberg.avl\kongsberg.avl.tests\bin\debug\kongsberg.avl.tests.dll" id="6dc6b7da-f1b7-9cd3-17eb-994fc1e77d83">
      <Execution id="62cbb739-c82f-4f58-aff4-55829aae0da1" />
      <TestMethod codeBase="C:/Users/ppaluch/Documents/Visual Studio 2010/Projects/Kongsberg.AVL/Kongsberg.AVL.Tests/bin/Debug/Kongsberg.AVL.Tests.DLL" adapterTypeName="Microsoft.VisualStudio.TestTools.TestTypes.Unit.UnitTestAdapter, Microsoft.VisualStudio.QualityTools.Tips.UnitTest.Adapter, Version=10.0.0.0, Culture=neutral, PublicKeyToken=b03f5f7f11d50a3a" className="Kongsberg.AVL.Tests.AVLTreeTest, Kongsberg.AVL.Tests, Version=1.0.0.0, Culture=neutral, PublicKeyToken=null" name="AssertRLTreeRotationDone" />
    </UnitTest>
    <UnitTest name="AssertLeafEqualToActionObjectWhenOneNodeToSimpleTreeAdded" storage="c:\users\ppaluch\documents\visual studio 2010\projects\kongsberg.avl\kongsberg.avl.tests\bin\debug\kongsberg.avl.tests.dll" id="beae231e-2f5d-5388-d885-ef9acf394746">
      <Execution id="821885f7-f15c-4db7-8ae6-75f85f55042f" />
      <TestMethod codeBase="C:/Users/ppaluch/Documents/Visual Studio 2010/Projects/Kongsberg.AVL/Kongsberg.AVL.Tests/bin/Debug/Kongsberg.AVL.Tests.DLL" adapterTypeName="Microsoft.VisualStudio.TestTools.TestTypes.Unit.UnitTestAdapter, Microsoft.VisualStudio.QualityTools.Tips.UnitTest.Adapter, Version=10.0.0.0, Culture=neutral, PublicKeyToken=b03f5f7f11d50a3a" className="Kongsberg.AVL.Tests.AVLTreeTest, Kongsberg.AVL.Tests, Version=1.0.0.0, Culture=neutral, PublicKeyToken=null" name="AssertLeafEqualToActionObjectWhenOneNodeToSimpleTreeAdded" />
    </UnitTest>
    <UnitTest name="AssertRRTreeRotationDone" storage="c:\users\ppaluch\documents\visual studio 2010\projects\kongsberg.avl\kongsberg.avl.tests\bin\debug\kongsberg.avl.tests.dll" id="863c5bc9-2a17-65a1-01a8-425c164a7694">
      <Execution id="f36642bd-abfb-4e6e-bb2d-3b39312371f1" />
      <TestMethod codeBase="C:/Users/ppaluch/Documents/Visual Studio 2010/Projects/Kongsberg.AVL/Kongsberg.AVL.Tests/bin/Debug/Kongsberg.AVL.Tests.DLL" adapterTypeName="Microsoft.VisualStudio.TestTools.TestTypes.Unit.UnitTestAdapter, Microsoft.VisualStudio.QualityTools.Tips.UnitTest.Adapter, Version=10.0.0.0, Culture=neutral, PublicKeyToken=b03f5f7f11d50a3a" className="Kongsberg.AVL.Tests.AVLTreeTest, Kongsberg.AVL.Tests, Version=1.0.0.0, Culture=neutral, PublicKeyToken=null" name="AssertRRTreeRotationDone" />
    </UnitTest>
    <UnitTest name="AssertLeafsEqualToActionObjectWhenThreeNodesToTreeAdded" storage="c:\users\ppaluch\documents\visual studio 2010\projects\kongsberg.avl\kongsberg.avl.tests\bin\debug\kongsberg.avl.tests.dll" id="3544e00e-50c5-bcb3-65ad-9342f61e557e">
      <Execution id="a5a3ff40-401f-410e-b36b-3ffce75bd855" />
      <TestMethod codeBase="C:/Users/ppaluch/Documents/Visual Studio 2010/Projects/Kongsberg.AVL/Kongsberg.AVL.Tests/bin/Debug/Kongsberg.AVL.Tests.DLL" adapterTypeName="Microsoft.VisualStudio.TestTools.TestTypes.Unit.UnitTestAdapter, Microsoft.VisualStudio.QualityTools.Tips.UnitTest.Adapter, Version=10.0.0.0, Culture=neutral, PublicKeyToken=b03f5f7f11d50a3a" className="Kongsberg.AVL.Tests.AVLTreeTest, Kongsberg.AVL.Tests, Version=1.0.0.0, Culture=neutral, PublicKeyToken=null" name="AssertLeafsEqualToActionObjectWhenThreeNodesToTreeAdded" />
    </UnitTest>
    <UnitTest name="AssertLLTreeRotationDone" storage="c:\users\ppaluch\documents\visual studio 2010\projects\kongsberg.avl\kongsberg.avl.tests\bin\debug\kongsberg.avl.tests.dll" id="4cf07f4b-f3dd-f4b3-37d6-76cd74ce50ec">
      <Execution id="a1af2bbf-1bbb-49e7-b2cc-0fd4179f93d4" />
      <TestMethod codeBase="C:/Users/ppaluch/Documents/Visual Studio 2010/Projects/Kongsberg.AVL/Kongsberg.AVL.Tests/bin/Debug/Kongsberg.AVL.Tests.DLL" adapterTypeName="Microsoft.VisualStudio.TestTools.TestTypes.Unit.UnitTestAdapter, Microsoft.VisualStudio.QualityTools.Tips.UnitTest.Adapter, Version=10.0.0.0, Culture=neutral, PublicKeyToken=b03f5f7f11d50a3a" className="Kongsberg.AVL.Tests.AVLTreeTest, Kongsberg.AVL.Tests, Version=1.0.0.0, Culture=neutral, PublicKeyToken=null" name="AssertLLTreeRotationDone" />
    </UnitTest>
  </TestDefinitions>
  <TestLists>
    <TestList name="Results Not in a List" id="8c84fa94-04c1-424b-9868-57a2d4851a1d" />
    <TestList name="All Loaded Results" id="19431567-8539-422a-85d7-44ee4e166bda" />
  </TestLists>
  <TestEntries>
    <TestEntry testId="3544e00e-50c5-bcb3-65ad-9342f61e557e" executionId="a5a3ff40-401f-410e-b36b-3ffce75bd855" testListId="8c84fa94-04c1-424b-9868-57a2d4851a1d" />
    <TestEntry testId="4cf07f4b-f3dd-f4b3-37d6-76cd74ce50ec" executionId="a1af2bbf-1bbb-49e7-b2cc-0fd4179f93d4" testListId="8c84fa94-04c1-424b-9868-57a2d4851a1d" />
    <TestEntry testId="6dc6b7da-f1b7-9cd3-17eb-994fc1e77d83" executionId="62cbb739-c82f-4f58-aff4-55829aae0da1" testListId="8c84fa94-04c1-424b-9868-57a2d4851a1d" />
    <TestEntry testId="863c5bc9-2a17-65a1-01a8-425c164a7694" executionId="f36642bd-abfb-4e6e-bb2d-3b39312371f1" testListId="8c84fa94-04c1-424b-9868-57a2d4851a1d" />
    <TestEntry testId="beae231e-2f5d-5388-d885-ef9acf394746" executionId="821885f7-f15c-4db7-8ae6-75f85f55042f" testListId="8c84fa94-04c1-424b-9868-57a2d4851a1d" />
    <TestEntry testId="e634ea4f-e046-3b2f-3fcf-6d25276741c4" executionId="8103188f-9ac1-4c88-a450-7020ab25ced0" testListId="8c84fa94-04c1-424b-9868-57a2d4851a1d" />
  </TestEntries>
  <Results>
    <UnitTestResult executionId="a5a3ff40-401f-410e-b36b-3ffce75bd855" testId="3544e00e-50c5-bcb3-65ad-9342f61e557e" testName="AssertLeafsEqualToActionObjectWhenThreeNodesToTreeAdded" computerName="PPALUCH-PC" duration="00:00:00.0324291" startTime="2011-07-01T10:23:44.1426222+02:00" endTime="2011-07-01T10:23:44.9246423+02:00" testType="13cdc9d9-ddb5-4fa4-a97d-d965ccfc6d4b" outcome="Passed" testListId="8c84fa94-04c1-424b-9868-57a2d4851a1d" relativeResultsDirectory="a5a3ff40-401f-410e-b36b-3ffce75bd855">
    </UnitTestResult>
    <UnitTestResult executionId="a1af2bbf-1bbb-49e7-b2cc-0fd4179f93d4" testId="4cf07f4b-f3dd-f4b3-37d6-76cd74ce50ec" testName="AssertLLTreeRotationDone" computerName="PPALUCH-PC" duration="00:00:00.0020309" startTime="2011-07-01T10:23:44.9466428+02:00" endTime="2011-07-01T10:23:44.9736435+02:00" testType="13cdc9d9-ddb5-4fa4-a97d-d965ccfc6d4b" outcome="Passed" testListId="8c84fa94-04c1-424b-9868-57a2d4851a1d" relativeResultsDirectory="a1af2bbf-1bbb-49e7-b2cc-0fd4179f93d4">
    </UnitTestResult>
    <UnitTestResult executionId="62cbb739-c82f-4f58-aff4-55829aae0da1" testId="6dc6b7da-f1b7-9cd3-17eb-994fc1e77d83" testName="AssertRLTreeRotationDone" computerName="PPALUCH-PC" duration="00:00:00.0292044" startTime="2011-07-01T10:23:44.9906440+02:00" endTime="2011-07-01T10:23:45.0366451+02:00" testType="13cdc9d9-ddb5-4fa4-a97d-d965ccfc6d4b" outcome="Failed" testListId="8c84fa94-04c1-424b-9868-57a2d4851a1d" relativeResultsDirectory="62cbb739-c82f-4f58-aff4-55829aae0da1">
      <Output>
        <ErrorInfo>
          <Message>Test method Kongsberg.AVL.Tests.AVLTreeTest.AssertRLTreeRotationDone threw exception: 
System.NotImplementedException: The method or operation is not implemented.</Message>
          <StackTrace>    at Kongsberg.AVL.AVLTree`1.RLRotation(AVLTree`1 tree, AVLNode`1 A) in C:\Users\ppaluch\Documents\Visual Studio 2010\Projects\Kongsberg.AVL\Kongsberg.AVL\AVLTree.cs:line 169
   at Kongsberg.AVL.AVLTree`1.Add(Byte nodeNumber, AVLLeaf`1 actionObject) in C:\Users\ppaluch\Documents\Visual Studio 2010\Projects\Kongsberg.AVL\Kongsberg.AVL\AVLTree.cs:line 109
   at Kongsberg.AVL.Tests.AVLTreeTest.AssertRLTreeRotationDone() in C:\Users\ppaluch\Documents\Visual Studio 2010\Projects\Kongsberg.AVL\Kongsberg.AVL.Tests\AVLTreeTest.cs:line 190
</StackTrace>
        </ErrorInfo>
      </Output>
    </UnitTestResult>
    <UnitTestResult executionId="f36642bd-abfb-4e6e-bb2d-3b39312371f1" testId="863c5bc9-2a17-65a1-01a8-425c164a7694" testName="AssertRRTreeRotationDone" computerName="PPALUCH-PC" duration="00:00:00.0019935" startTime="2011-07-01T10:23:45.0536456+02:00" endTime="2011-07-01T10:23:45.0776462+02:00" testType="13cdc9d9-ddb5-4fa4-a97d-d965ccfc6d4b" outcome="Passed" testListId="8c84fa94-04c1-424b-9868-57a2d4851a1d" relativeResultsDirectory="f36642bd-abfb-4e6e-bb2d-3b39312371f1">
    </UnitTestResult>
    <UnitTestResult executionId="821885f7-f15c-4db7-8ae6-75f85f55042f" testId="beae231e-2f5d-5388-d885-ef9acf394746" testName="AssertLeafEqualToActionObjectWhenOneNodeToSimpleTreeAdded" computerName="PPALUCH-PC" duration="00:00:00.0008449" startTime="2011-07-01T10:23:45.0956467+02:00" endTime="2011-07-01T10:23:45.1096470+02:00" testType="13cdc9d9-ddb5-4fa4-a97d-d965ccfc6d4b" outcome="Passed" testListId="8c84fa94-04c1-424b-9868-57a2d4851a1d" relativeResultsDirectory="821885f7-f15c-4db7-8ae6-75f85f55042f">
    </UnitTestResult>
    <UnitTestResult executionId="8103188f-9ac1-4c88-a450-7020ab25ced0" testId="e634ea4f-e046-3b2f-3fcf-6d25276741c4" testName="AssertLRTreeRotationDone" computerName="PPALUCH-PC" duration="00:00:00.0018109" startTime="2011-07-01T10:23:45.1386478+02:00" endTime="2011-07-01T10:23:45.1516481+02:00" testType="13cdc9d9-ddb5-4fa4-a97d-d965ccfc6d4b" outcome="Passed" testListId="8c84fa94-04c1-424b-9868-57a2d4851a1d" relativeResultsDirectory="8103188f-9ac1-4c88-a450-7020ab25ced0">
    </UnitTestResult>
  </Results>
</TestRun>