<?xml version="1.0" encoding="UTF-8"?>
<TestRun id="ae6a3184-99af-4264-b9a1-16c43fc2aa2d" name="ppaluch@PPALUCH-PC 2011-07-01 11:06:07" runUser="ppaluch-PC\ppaluch" xmlns="http://microsoft.com/schemas/VisualStudio/TeamTest/2010">
  <TestSettings name="Local" id="0fe7432d-44f5-4c37-bd61-36814148c0df">
    <Description>These are default test settings for a local test run.</Description>
    <Deployment enabled="false" runDeploymentRoot="ppaluch_PPALUCH-PC 2011-07-01 11_06_07">
      <DeploymentItem filename="C:\Users\ppaluch\Documents\Visual Studio 2010\Projects\Kongsberg.AVL\Kongsberg.AVL\bin\Debug\Kongsberg.AVL.dll" />
    </Deployment>
    <Execution>
      <TestTypeSpecific />
      <AgentRule name="Execution Agents">
      </AgentRule>
    </Execution>
  </TestSettings>
  <Times creation="2011-07-01T11:06:07.0299727+02:00" queuing="2011-07-01T11:06:14.1431555+02:00" start="2011-07-01T11:06:14.7551712+02:00" finish="2011-07-01T11:06:52.3991386+02:00" />
  <ResultSummary outcome="Error">
    <Counters total="7" executed="7" passed="6" error="0" failed="0" timeout="0" aborted="1" inconclusive="0" passedButRunAborted="0" notRunnable="0" notExecuted="0" disconnected="0" warning="0" completed="0" inProgress="0" pending="0" />
    <RunInfos>
      <RunInfo computerName="PPALUCH-PC" outcome="Error" timestamp="2011-07-01T11:06:52.3961386+02:00">
        <Text>Test host process exited unexpectedly.</Text>
      </RunInfo>
    </RunInfos>
  </ResultSummary>
  <TestDefinitions>
    <UnitTest name="AssertLRTreeRotationDone" storage="c:\users\ppaluch\documents\visual studio 2010\projects\kongsberg.avl\kongsberg.avl.tests\bin\debug\kongsberg.avl.tests.dll" id="e634ea4f-e046-3b2f-3fcf-6d25276741c4">
      <Execution id="bbcc3d89-a80b-4839-8d33-710b0a3dfc1a" />
      <TestMethod codeBase="C:/Users/ppaluch/Documents/Visual Studio 2010/Projects/Kongsberg.AVL/Kongsberg.AVL.Tests/bin/Debug/Kongsberg.AVL.Tests.DLL" adapterTypeName="Microsoft.VisualStudio.TestTools.TestTypes.Unit.UnitTestAdapter, Microsoft.VisualStudio.QualityTools.Tips.UnitTest.Adapter, Version=10.0.0.0, Culture=neutral, PublicKeyToken=b03f5f7f11d50a3a" className="Kongsberg.AVL.Tests.AVLTreeTest, Kongsberg.AVL.Tests, Version=1.0.0.0, Culture=neutral, PublicKeyToken=null" name="AssertLRTreeRotationDone" />
    </UnitTest>
    <UnitTest name="AssertLeafEqualToActionObjectWhenOneNodeToDoubleLevelTreeAdded" storage="c:\users\ppaluch\documents\visual studio 2010\projects\kongsberg.avl\kongsberg.avl.tests\bin\debug\kongsberg.avl.tests.dll" id="e66b52ee-0ff2-62b7-d9e5-f8087d2e58d1">
      <Execution id="016dd5fc-55f1-451e-862c-fd30915233f2" />
      <TestMethod codeBase="C:/Users/ppaluch/Documents/Visual Studio 2010/Projects/Kongsberg.AVL/Kongsberg.AVL.Tests/bin/Debug/Kongsberg.AVL.Tests.DLL" adapterTypeName="Microsoft.VisualStudio.TestTools.TestTypes.Unit.UnitTestAdapter, Microsoft.VisualStudio.QualityTools.Tips.UnitTest.Adapter, Version=10.0.0.0, Culture=neutral, PublicKeyToken=b03f5f7f11d50a3a" className="Kongsberg.AVL.Tests.AVLTreeTest, Kongsberg.AVL.Tests, Version=1.0.0.0, Culture=neutral, PublicKeyToken=null" name="AssertLeafEqualToActionObjectWhenOneNodeToDoubleLevelTreeAdded" />
    </UnitTest>
    <UnitTest name="AssertRLTreeRotationDone" storage="c:\users\ppaluch\documents\visual studio 2010\projects\kongsberg.avl\kongsberg.avl.tests\bin\debug\kongsberg.avl.tests.dll" id="6dc6b7da-f1b7-9cd3-17eb-994fc1e77d83">
      <Execution id="0acbe985-1d62-4d07-9d80-157924565d08" />
      <TestMethod codeBase="C:/Users/ppaluch/Documents/Visual Studio 2010/Projects/Kongsberg.AVL/Kongsberg.AVL.Tests/bin/Debug/Kongsberg.AVL.Tests.DLL" adapterTypeName="Microsoft.VisualStudio.TestTools.TestTypes.Unit.UnitTestAdapter, Microsoft.VisualStudio.QualityTools.Tips.UnitTest.Adapter, Version=10.0.0.0, Culture=neutral, PublicKeyToken=b03f5f7f11d50a3a" className="Kongsberg.AVL.Tests.AVLTreeTest, Kongsberg.AVL.Tests, Version=1.0.0.0, Culture=neutral, PublicKeyToken=null" name="AssertRLTreeRotationDone" />
    </UnitTest>
    <UnitTest name="AssertLeafEqualToActionObjectWhenOneNodeToSimpleTreeAdded" storage="c:\users\ppaluch\documents\visual studio 2010\projects\kongsberg.avl\kongsberg.avl.tests\bin\debug\kongsberg.avl.tests.dll" id="beae231e-2f5d-5388-d885-ef9acf394746">
      <Execution id="7409e249-9b91-4725-a1fa-8e4e013bffdc" />
      <TestMethod codeBase="C:/Users/ppaluch/Documents/Visual Studio 2010/Projects/Kongsberg.AVL/Kongsberg.AVL.Tests/bin/Debug/Kongsberg.AVL.Tests.DLL" adapterTypeName="Microsoft.VisualStudio.TestTools.TestTypes.Unit.UnitTestAdapter, Microsoft.VisualStudio.QualityTools.Tips.UnitTest.Adapter, Version=10.0.0.0, Culture=neutral, PublicKeyToken=b03f5f7f11d50a3a" className="Kongsberg.AVL.Tests.AVLTreeTest, Kongsberg.AVL.Tests, Version=1.0.0.0, Culture=neutral, PublicKeyToken=null" name="AssertLeafEqualToActionObjectWhenOneNodeToSimpleTreeAdded" />
    </UnitTest>
    <UnitTest name="AssertRRTreeRotationDone" storage="c:\users\ppaluch\documents\visual studio 2010\projects\kongsberg.avl\kongsberg.avl.tests\bin\debug\kongsberg.avl.tests.dll" id="863c5bc9-2a17-65a1-01a8-425c164a7694">
      <Execution id="c34fc327-5564-4e25-b454-c8ecc8d3a67f" />
      <TestMethod codeBase="C:/Users/ppaluch/Documents/Visual Studio 2010/Projects/Kongsberg.AVL/Kongsberg.AVL.Tests/bin/Debug/Kongsberg.AVL.Tests.DLL" adapterTypeName="Microsoft.VisualStudio.TestTools.TestTypes.Unit.UnitTestAdapter, Microsoft.VisualStudio.QualityTools.Tips.UnitTest.Adapter, Version=10.0.0.0, Culture=neutral, PublicKeyToken=b03f5f7f11d50a3a" className="Kongsberg.AVL.Tests.AVLTreeTest, Kongsberg.AVL.Tests, Version=1.0.0.0, Culture=neutral, PublicKeyToken=null" name="AssertRRTreeRotationDone" />
    </UnitTest>
    <UnitTest name="AssertLeafsEqualToActionObjectWhenThreeNodesToTreeAdded" storage="c:\users\ppaluch\documents\visual studio 2010\projects\kongsberg.avl\kongsberg.avl.tests\bin\debug\kongsberg.avl.tests.dll" id="3544e00e-50c5-bcb3-65ad-9342f61e557e">
      <Execution id="354ee461-1018-49a6-be55-714c406d475f" />
      <TestMethod codeBase="C:/Users/ppaluch/Documents/Visual Studio 2010/Projects/Kongsberg.AVL/Kongsberg.AVL.Tests/bin/Debug/Kongsberg.AVL.Tests.DLL" adapterTypeName="Microsoft.VisualStudio.TestTools.TestTypes.Unit.UnitTestAdapter, Microsoft.VisualStudio.QualityTools.Tips.UnitTest.Adapter, Version=10.0.0.0, Culture=neutral, PublicKeyToken=b03f5f7f11d50a3a" className="Kongsberg.AVL.Tests.AVLTreeTest, Kongsberg.AVL.Tests, Version=1.0.0.0, Culture=neutral, PublicKeyToken=null" name="AssertLeafsEqualToActionObjectWhenThreeNodesToTreeAdded" />
    </UnitTest>
    <UnitTest name="AssertLLTreeRotationDone" storage="c:\users\ppaluch\documents\visual studio 2010\projects\kongsberg.avl\kongsberg.avl.tests\bin\debug\kongsberg.avl.tests.dll" id="4cf07f4b-f3dd-f4b3-37d6-76cd74ce50ec">
      <Execution id="b5cf4a11-31f1-47d4-b022-04a1c8cbfdd1" />
      <TestMethod codeBase="C:/Users/ppaluch/Documents/Visual Studio 2010/Projects/Kongsberg.AVL/Kongsberg.AVL.Tests/bin/Debug/Kongsberg.AVL.Tests.DLL" adapterTypeName="Microsoft.VisualStudio.TestTools.TestTypes.Unit.UnitTestAdapter, Microsoft.VisualStudio.QualityTools.Tips.UnitTest.Adapter, Version=10.0.0.0, Culture=neutral, PublicKeyToken=b03f5f7f11d50a3a" className="Kongsberg.AVL.Tests.AVLTreeTest, Kongsberg.AVL.Tests, Version=1.0.0.0, Culture=neutral, PublicKeyToken=null" name="AssertLLTreeRotationDone" />
    </UnitTest>
  </TestDefinitions>
  <TestLists>
    <TestList name="Results Not in a List" id="8c84fa94-04c1-424b-9868-57a2d4851a1d" />
    <TestList name="All Loaded Results" id="19431567-8539-422a-85d7-44ee4e166bda" />
  </TestLists>
  <TestEntries>
    <TestEntry testId="3544e00e-50c5-bcb3-65ad-9342f61e557e" executionId="354ee461-1018-49a6-be55-714c406d475f" testListId="8c84fa94-04c1-424b-9868-57a2d4851a1d" />
    <TestEntry testId="4cf07f4b-f3dd-f4b3-37d6-76cd74ce50ec" executionId="b5cf4a11-31f1-47d4-b022-04a1c8cbfdd1" testListId="8c84fa94-04c1-424b-9868-57a2d4851a1d" />
    <TestEntry testId="6dc6b7da-f1b7-9cd3-17eb-994fc1e77d83" executionId="0acbe985-1d62-4d07-9d80-157924565d08" testListId="8c84fa94-04c1-424b-9868-57a2d4851a1d" />
    <TestEntry testId="863c5bc9-2a17-65a1-01a8-425c164a7694" executionId="c34fc327-5564-4e25-b454-c8ecc8d3a67f" testListId="8c84fa94-04c1-424b-9868-57a2d4851a1d" />
    <TestEntry testId="beae231e-2f5d-5388-d885-ef9acf394746" executionId="7409e249-9b91-4725-a1fa-8e4e013bffdc" testListId="8c84fa94-04c1-424b-9868-57a2d4851a1d" />
    <TestEntry testId="e634ea4f-e046-3b2f-3fcf-6d25276741c4" executionId="bbcc3d89-a80b-4839-8d33-710b0a3dfc1a" testListId="8c84fa94-04c1-424b-9868-57a2d4851a1d" />
    <TestEntry testId="e66b52ee-0ff2-62b7-d9e5-f8087d2e58d1" executionId="016dd5fc-55f1-451e-862c-fd30915233f2" testListId="8c84fa94-04c1-424b-9868-57a2d4851a1d" />
  </TestEntries>
  <Results>
    <UnitTestResult executionId="354ee461-1018-49a6-be55-714c406d475f" testId="3544e00e-50c5-bcb3-65ad-9342f61e557e" testName="AssertLeafsEqualToActionObjectWhenThreeNodesToTreeAdded" computerName="PPALUCH-PC" duration="00:00:00.1421990" startTime="2011-07-01T11:06:15.1791821+02:00" endTime="2011-07-01T11:06:18.6002700+02:00" testType="13cdc9d9-ddb5-4fa4-a97d-d965ccfc6d4b" outcome="Passed" testListId="8c84fa94-04c1-424b-9868-57a2d4851a1d" relativeResultsDirectory="354ee461-1018-49a6-be55-714c406d475f">
    </UnitTestResult>
    <UnitTestResult executionId="b5cf4a11-31f1-47d4-b022-04a1c8cbfdd1" testId="4cf07f4b-f3dd-f4b3-37d6-76cd74ce50ec" testName="AssertLLTreeRotationDone" computerName="PPALUCH-PC" duration="00:00:00.0340115" startTime="2011-07-01T11:06:18.6282708+02:00" endTime="2011-07-01T11:06:18.6892723+02:00" testType="13cdc9d9-ddb5-4fa4-a97d-d965ccfc6d4b" outcome="Passed" testListId="8c84fa94-04c1-424b-9868-57a2d4851a1d" relativeResultsDirectory="b5cf4a11-31f1-47d4-b022-04a1c8cbfdd1">
    </UnitTestResult>
    <UnitTestResult executionId="0acbe985-1d62-4d07-9d80-157924565d08" testId="6dc6b7da-f1b7-9cd3-17eb-994fc1e77d83" testName="AssertRLTreeRotationDone" computerName="PPALUCH-PC" duration="00:00:00.0842056" startTime="2011-07-01T11:06:18.7082728+02:00" endTime="2011-07-01T11:06:18.8172756+02:00" testType="13cdc9d9-ddb5-4fa4-a97d-d965ccfc6d4b" outcome="Passed" testListId="8c84fa94-04c1-424b-9868-57a2d4851a1d" relativeResultsDirectory="0acbe985-1d62-4d07-9d80-157924565d08">
    </UnitTestResult>
    <UnitTestResult executionId="c34fc327-5564-4e25-b454-c8ecc8d3a67f" testId="863c5bc9-2a17-65a1-01a8-425c164a7694" testName="AssertRRTreeRotationDone" computerName="PPALUCH-PC" duration="00:00:00.0327386" startTime="2011-07-01T11:06:18.8392762+02:00" endTime="2011-07-01T11:06:18.8962776+02:00" testType="13cdc9d9-ddb5-4fa4-a97d-d965ccfc6d4b" outcome="Passed" testListId="8c84fa94-04c1-424b-9868-57a2d4851a1d" relativeResultsDirectory="c34fc327-5564-4e25-b454-c8ecc8d3a67f">
    </UnitTestResult>
    <UnitTestResult executionId="7409e249-9b91-4725-a1fa-8e4e013bffdc" testId="beae231e-2f5d-5388-d885-ef9acf394746" testName="AssertLeafEqualToActionObjectWhenOneNodeToSimpleTreeAdded" computerName="PPALUCH-PC" duration="00:00:00.0077587" startTime="2011-07-01T11:06:18.9182782+02:00" endTime="2011-07-01T11:06:18.9552792+02:00" testType="13cdc9d9-ddb5-4fa4-a97d-d965ccfc6d4b" outcome="Passed" testListId="8c84fa94-04c1-424b-9868-57a2d4851a1d" relativeResultsDirectory="7409e249-9b91-4725-a1fa-8e4e013bffdc">
    </UnitTestResult>
    <UnitTestResult executionId="bbcc3d89-a80b-4839-8d33-710b0a3dfc1a" testId="e634ea4f-e046-3b2f-3fcf-6d25276741c4" testName="AssertLRTreeRotationDone" computerName="PPALUCH-PC" duration="00:00:00.0838952" startTime="2011-07-01T11:06:18.9722796+02:00" endTime="2011-07-01T11:06:19.0772823+02:00" testType="13cdc9d9-ddb5-4fa4-a97d-d965ccfc6d4b" outcome="Passed" testListId="8c84fa94-04c1-424b-9868-57a2d4851a1d" relativeResultsDirectory="bbcc3d89-a80b-4839-8d33-710b0a3dfc1a">
    </UnitTestResult>
    <UnitTestResult executionId="016dd5fc-55f1-451e-862c-fd30915233f2" testId="e66b52ee-0ff2-62b7-d9e5-f8087d2e58d1" testName="AssertLeafEqualToActionObjectWhenOneNodeToDoubleLevelTreeAdded" computerName="PPALUCH-PC" duration="00:00:33.3028558" startTime="2011-07-01T11:06:19.0952828+02:00" endTime="2011-07-01T11:06:52.3981386+02:00" testType="13cdc9d9-ddb5-4fa4-a97d-d965ccfc6d4b" outcome="Aborted" testListId="8c84fa94-04c1-424b-9868-57a2d4851a1d" relativeResultsDirectory="016dd5fc-55f1-451e-862c-fd30915233f2">
    </UnitTestResult>
  </Results>
</TestRun>