<?xml version="1.0" encoding="UTF-8"?>
<TestRun id="8e09b160-3b8f-4b32-aa2e-c5025e4348ca" name="ppaluch@PPALUCH-PC 2011-07-01 09:19:09" runUser="ppaluch-PC\ppaluch" xmlns="http://microsoft.com/schemas/VisualStudio/TeamTest/2010">
  <TestSettings name="Local" id="0fe7432d-44f5-4c37-bd61-36814148c0df">
    <Description>These are default test settings for a local test run.</Description>
    <Deployment enabled="false" runDeploymentRoot="ppaluch_PPALUCH-PC 2011-07-01 09_19_09">
      <DeploymentItem filename="C:\Users\ppaluch\Documents\Visual Studio 2010\Projects\Kongsberg.AVL\Kongsberg.AVL\bin\Debug\Kongsberg.AVL.dll" />
    </Deployment>
    <Execution>
      <TestTypeSpecific />
      <AgentRule name="Execution Agents">
      </AgentRule>
    </Execution>
  </TestSettings>
  <Times creation="2011-07-01T09:19:09.5840486+02:00" queuing="2011-07-01T09:19:21.8973650+02:00" start="2011-07-01T09:19:22.5033806+02:00" finish="2011-07-01T09:19:27.3755058+02:00" />
  <ResultSummary outcome="Failed">
    <Counters total="3" executed="3" passed="2" error="0" failed="1" timeout="0" aborted="0" inconclusive="0" passedButRunAborted="0" notRunnable="0" notExecuted="0" disconnected="0" warning="0" completed="0" inProgress="0" pending="0" />
  </ResultSummary>
  <TestDefinitions>
    <UnitTest name="AssertLeafEqualToActionObjectWhenOneNodeToSimpleTreeAdded" storage="c:\users\ppaluch\documents\visual studio 2010\projects\kongsberg.avl\kongsberg.avl.tests\bin\debug\kongsberg.avl.tests.dll" id="beae231e-2f5d-5388-d885-ef9acf394746">
      <Execution id="9d65cb19-0b00-40d1-86c4-72cd94c8f584" />
      <TestMethod codeBase="C:/Users/ppaluch/Documents/Visual Studio 2010/Projects/Kongsberg.AVL/Kongsberg.AVL.Tests/bin/Debug/Kongsberg.AVL.Tests.DLL" adapterTypeName="Microsoft.VisualStudio.TestTools.TestTypes.Unit.UnitTestAdapter, Microsoft.VisualStudio.QualityTools.Tips.UnitTest.Adapter, Version=10.0.0.0, Culture=neutral, PublicKeyToken=b03f5f7f11d50a3a" className="Kongsberg.AVL.Tests.AVLTreeTest, Kongsberg.AVL.Tests, Version=1.0.0.0, Culture=neutral, PublicKeyToken=null" name="AssertLeafEqualToActionObjectWhenOneNodeToSimpleTreeAdded" />
    </UnitTest>
    <UnitTest name="AssertBalanceFactorWhenSixNodesToTreeAdded" storage="c:\users\ppaluch\documents\visual studio 2010\projects\kongsberg.avl\kongsberg.avl.tests\bin\debug\kongsberg.avl.tests.dll" id="11622b10-6ac4-987e-ebe5-962c711f6881">
      <Execution id="827e6e2f-ab35-4edb-9452-759a4cf4707f" />
      <TestMethod codeBase="C:/Users/ppaluch/Documents/Visual Studio 2010/Projects/Kongsberg.AVL/Kongsberg.AVL.Tests/bin/Debug/Kongsberg.AVL.Tests.DLL" adapterTypeName="Microsoft.VisualStudio.TestTools.TestTypes.Unit.UnitTestAdapter, Microsoft.VisualStudio.QualityTools.Tips.UnitTest.Adapter, Version=10.0.0.0, Culture=neutral, PublicKeyToken=b03f5f7f11d50a3a" className="Kongsberg.AVL.Tests.AVLTreeTest, Kongsberg.AVL.Tests, Version=1.0.0.0, Culture=neutral, PublicKeyToken=null" name="AssertBalanceFactorWhenSixNodesToTreeAdded" />
    </UnitTest>
    <UnitTest name="AssertLeafsEqualToActionObjectWhenThreeNodesToTreeAdded" storage="c:\users\ppaluch\documents\visual studio 2010\projects\kongsberg.avl\kongsberg.avl.tests\bin\debug\kongsberg.avl.tests.dll" id="3544e00e-50c5-bcb3-65ad-9342f61e557e">
      <Execution id="35124978-95f3-45a6-bdbb-bb47da7d5d87" />
      <TestMethod codeBase="C:/Users/ppaluch/Documents/Visual Studio 2010/Projects/Kongsberg.AVL/Kongsberg.AVL.Tests/bin/Debug/Kongsberg.AVL.Tests.DLL" adapterTypeName="Microsoft.VisualStudio.TestTools.TestTypes.Unit.UnitTestAdapter, Microsoft.VisualStudio.QualityTools.Tips.UnitTest.Adapter, Version=10.0.0.0, Culture=neutral, PublicKeyToken=b03f5f7f11d50a3a" className="Kongsberg.AVL.Tests.AVLTreeTest, Kongsberg.AVL.Tests, Version=1.0.0.0, Culture=neutral, PublicKeyToken=null" name="AssertLeafsEqualToActionObjectWhenThreeNodesToTreeAdded" />
    </UnitTest>
  </TestDefinitions>
  <TestLists>
    <TestList name="Results Not in a List" id="8c84fa94-04c1-424b-9868-57a2d4851a1d" />
    <TestList name="All Loaded Results" id="19431567-8539-422a-85d7-44ee4e166bda" />
  </TestLists>
  <TestEntries>
    <TestEntry testId="11622b10-6ac4-987e-ebe5-962c711f6881" executionId="827e6e2f-ab35-4edb-9452-759a4cf4707f" testListId="8c84fa94-04c1-424b-9868-57a2d4851a1d" />
    <TestEntry testId="3544e00e-50c5-bcb3-65ad-9342f61e557e" executionId="35124978-95f3-45a6-bdbb-bb47da7d5d87" testListId="8c84fa94-04c1-424b-9868-57a2d4851a1d" />
    <TestEntry testId="beae231e-2f5d-5388-d885-ef9acf394746" executionId="9d65cb19-0b00-40d1-86c4-72cd94c8f584" testListId="8c84fa94-04c1-424b-9868-57a2d4851a1d" />
  </TestEntries>
  <Results>
    <UnitTestResult executionId="827e6e2f-ab35-4edb-9452-759a4cf4707f" testId="11622b10-6ac4-987e-ebe5-962c711f6881" testName="AssertBalanceFactorWhenSixNodesToTreeAdded" computerName="PPALUCH-PC" duration="00:00:00.8242418" startTime="2011-07-01T09:19:22.9343917+02:00" endTime="2011-07-01T09:19:26.9954960+02:00" testType="13cdc9d9-ddb5-4fa4-a97d-d965ccfc6d4b" outcome="Failed" testListId="8c84fa94-04c1-424b-9868-57a2d4851a1d" relativeResultsDirectory="827e6e2f-ab35-4edb-9452-759a4cf4707f">
      <Output>
        <ErrorInfo>
          <Message>Test method Kongsberg.AVL.Tests.AVLTreeTest.AssertBalanceFactorWhenSixNodesToTreeAdded threw exception: 
System.NullReferenceException: Object reference not set to an instance of an object.</Message>
          <StackTrace>    at Kongsberg.AVL.Tests.AVLTreeTest.AssertBalanceFactorWhenSixNodesToTreeAdded() in c:\users\ppaluch\documents\visual studio 2010\Projects\Kongsberg.AVL\Kongsberg.AVL.Tests\AVLTreeTest.cs:line 169
</StackTrace>
        </ErrorInfo>
      </Output>
    </UnitTestResult>
    <UnitTestResult executionId="35124978-95f3-45a6-bdbb-bb47da7d5d87" testId="3544e00e-50c5-bcb3-65ad-9342f61e557e" testName="AssertLeafsEqualToActionObjectWhenThreeNodesToTreeAdded" computerName="PPALUCH-PC" duration="00:00:00.0087902" startTime="2011-07-01T09:19:27.0364971+02:00" endTime="2011-07-01T09:19:27.0684979+02:00" testType="13cdc9d9-ddb5-4fa4-a97d-d965ccfc6d4b" outcome="Passed" testListId="8c84fa94-04c1-424b-9868-57a2d4851a1d" relativeResultsDirectory="35124978-95f3-45a6-bdbb-bb47da7d5d87">
    </UnitTestResult>
    <UnitTestResult executionId="9d65cb19-0b00-40d1-86c4-72cd94c8f584" testId="beae231e-2f5d-5388-d885-ef9acf394746" testName="AssertLeafEqualToActionObjectWhenOneNodeToSimpleTreeAdded" computerName="PPALUCH-PC" duration="00:00:00.0076260" startTime="2011-07-01T09:19:27.0814982+02:00" endTime="2011-07-01T09:19:27.1164991+02:00" testType="13cdc9d9-ddb5-4fa4-a97d-d965ccfc6d4b" outcome="Passed" testListId="8c84fa94-04c1-424b-9868-57a2d4851a1d" relativeResultsDirectory="9d65cb19-0b00-40d1-86c4-72cd94c8f584">
    </UnitTestResult>
  </Results>
</TestRun>