<?xml version="1.0" encoding="UTF-8"?>
<TestRun id="b8ac36fb-0802-4a74-ad6d-0f1eb7ae7110" name="ppaluch@PPALUCH-PC 2011-07-01 01:01:46" runUser="ppaluch-PC\ppaluch" xmlns="http://microsoft.com/schemas/VisualStudio/TeamTest/2010">
  <TestSettings name="Local" id="0fe7432d-44f5-4c37-bd61-36814148c0df">
    <Description>These are default test settings for a local test run.</Description>
    <Deployment enabled="false" runDeploymentRoot="ppaluch_PPALUCH-PC 2011-07-01 01_01_46">
      <DeploymentItem filename="c:\users\ppaluch\documents\visual studio 2010\Projects\Kongsberg.AVL\Kongsberg.AVL\bin\Debug\Kongsberg.AVL.dll" />
    </Deployment>
    <Execution>
      <TestTypeSpecific />
      <AgentRule name="Execution Agents">
      </AgentRule>
    </Execution>
  </TestSettings>
  <Times creation="2011-07-01T01:01:46.3013728+02:00" queuing="2011-07-01T01:01:59.9657240+02:00" start="2011-07-01T01:02:01.6137663+02:00" finish="2011-07-01T01:03:34.4401519+02:00" />
  <ResultSummary outcome="Error">
    <Counters total="1" executed="1" error="0" failed="0" timeout="0" aborted="1" inconclusive="0" passedButRunAborted="0" notRunnable="0" notExecuted="0" disconnected="0" warning="0" passed="0" completed="0" inProgress="0" pending="0" />
    <RunInfos>
      <RunInfo computerName="PPALUCH-PC" outcome="Error" timestamp="2011-07-01T01:03:34.4281516+02:00">
        <Text>Test host process exited unexpectedly.</Text>
      </RunInfo>
    </RunInfos>
  </ResultSummary>
  <TestDefinitions>
    <UnitTest name="AssertBalanceFactorWhenSixNodesToTreeAdded" storage="c:\users\ppaluch\documents\visual studio 2010\projects\kongsberg.avl\kongsberg.avl.tests\bin\debug\kongsberg.avl.tests.dll" id="11622b10-6ac4-987e-ebe5-962c711f6881">
      <Execution id="f7fb06e7-0a80-4ba7-925d-08850948af2f" />
      <TestMethod codeBase="c:/users/ppaluch/documents/visual studio 2010/Projects/Kongsberg.AVL/Kongsberg.AVL.Tests/bin/Debug/Kongsberg.AVL.Tests.DLL" adapterTypeName="Microsoft.VisualStudio.TestTools.TestTypes.Unit.UnitTestAdapter, Microsoft.VisualStudio.QualityTools.Tips.UnitTest.Adapter, Version=10.0.0.0, Culture=neutral, PublicKeyToken=b03f5f7f11d50a3a" className="Kongsberg.AVL.Tests.AVLTreeTest, Kongsberg.AVL.Tests, Version=1.0.0.0, Culture=neutral, PublicKeyToken=null" name="AssertBalanceFactorWhenSixNodesToTreeAdded" />
    </UnitTest>
  </TestDefinitions>
  <TestLists>
    <TestList name="Results Not in a List" id="8c84fa94-04c1-424b-9868-57a2d4851a1d" />
    <TestList name="All Loaded Results" id="19431567-8539-422a-85d7-44ee4e166bda" />
  </TestLists>
  <TestEntries>
    <TestEntry testId="11622b10-6ac4-987e-ebe5-962c711f6881" executionId="f7fb06e7-0a80-4ba7-925d-08850948af2f" testListId="8c84fa94-04c1-424b-9868-57a2d4851a1d" />
  </TestEntries>
  <Results>
    <UnitTestResult executionId="f7fb06e7-0a80-4ba7-925d-08850948af2f" testId="11622b10-6ac4-987e-ebe5-962c711f6881" testName="AssertBalanceFactorWhenSixNodesToTreeAdded" computerName="PPALUCH-PC" duration="00:01:31.8503605" startTime="2011-07-01T01:02:02.5897914+02:00" endTime="2011-07-01T01:03:34.4401519+02:00" testType="13cdc9d9-ddb5-4fa4-a97d-d965ccfc6d4b" outcome="Aborted" testListId="8c84fa94-04c1-424b-9868-57a2d4851a1d" relativeResultsDirectory="f7fb06e7-0a80-4ba7-925d-08850948af2f">
    </UnitTestResult>
  </Results>
</TestRun>