<?xml version="1.0" encoding="UTF-8"?>
<TestRun id="193becec-4b7a-4fdc-b3d6-9a39dac40dcd" name="ppaluch@PPALUCH-PC 2011-07-04 12:36:52" runUser="ppaluch-PC\ppaluch" xmlns="http://microsoft.com/schemas/VisualStudio/TeamTest/2010">
  <TestSettings name="Local" id="0fe7432d-44f5-4c37-bd61-36814148c0df">
    <Description>These are default test settings for a local test run.</Description>
    <Deployment enabled="false" runDeploymentRoot="ppaluch_PPALUCH-PC 2011-07-04 12_36_52">
      <DeploymentItem filename="C:\Users\ppaluch\Documents\Visual Studio 2010\Projects\Kongsberg.AVL\Kongsberg.AVL\bin\Debug\Kongsberg.AVL.dll" />
    </Deployment>
    <Execution>
      <TestTypeSpecific />
      <AgentRule name="Execution Agents">
      </AgentRule>
    </Execution>
  </TestSettings>
  <Times creation="2011-07-04T12:36:52.6922284+02:00" queuing="2011-07-04T12:36:52.7842303+02:00" start="2011-07-04T12:36:52.8022307+02:00" finish="2011-07-04T12:36:53.8132521+02:00" />
  <ResultSummary outcome="Failed">
    <Counters total="10" executed="10" passed="9" error="0" failed="1" timeout="0" aborted="0" inconclusive="0" passedButRunAborted="0" notRunnable="0" notExecuted="0" disconnected="0" warning="0" completed="0" inProgress="0" pending="0" />
  </ResultSummary>
  <TestDefinitions>
    <UnitTest name="AssertLRTreeRotationDone" storage="c:\users\ppaluch\documents\visual studio 2010\projects\kongsberg.avl\kongsberg.avl.tests\bin\debug\kongsberg.avl.tests.dll" id="e634ea4f-e046-3b2f-3fcf-6d25276741c4">
      <Execution id="5193e67e-fa0b-48ab-82ff-5bd3a0524186" />
      <TestMethod codeBase="C:/Users/ppaluch/Documents/Visual Studio 2010/Projects/Kongsberg.AVL/Kongsberg.AVL.Tests/bin/Debug/Kongsberg.AVL.Tests.DLL" adapterTypeName="Microsoft.VisualStudio.TestTools.TestTypes.Unit.UnitTestAdapter, Microsoft.VisualStudio.QualityTools.Tips.UnitTest.Adapter, Version=10.0.0.0, Culture=neutral, PublicKeyToken=b03f5f7f11d50a3a" className="Kongsberg.AVL.Tests.AVLTreeTest, Kongsberg.AVL.Tests, Version=1.0.0.0, Culture=neutral, PublicKeyToken=null" name="AssertLRTreeRotationDone" />
    </UnitTest>
    <UnitTest name="AssertLLTreeRotationDone" storage="c:\users\ppaluch\documents\visual studio 2010\projects\kongsberg.avl\kongsberg.avl.tests\bin\debug\kongsberg.avl.tests.dll" id="4cf07f4b-f3dd-f4b3-37d6-76cd74ce50ec">
      <Execution id="83606ef8-b496-4801-bf77-c1f838cbeaa2" />
      <TestMethod codeBase="C:/Users/ppaluch/Documents/Visual Studio 2010/Projects/Kongsberg.AVL/Kongsberg.AVL.Tests/bin/Debug/Kongsberg.AVL.Tests.DLL" adapterTypeName="Microsoft.VisualStudio.TestTools.TestTypes.Unit.UnitTestAdapter, Microsoft.VisualStudio.QualityTools.Tips.UnitTest.Adapter, Version=10.0.0.0, Culture=neutral, PublicKeyToken=b03f5f7f11d50a3a" className="Kongsberg.AVL.Tests.AVLTreeTest, Kongsberg.AVL.Tests, Version=1.0.0.0, Culture=neutral, PublicKeyToken=null" name="AssertLLTreeRotationDone" />
    </UnitTest>
    <UnitTest name="AssertLeafEqualToActionObjectWhenMultipleNodesToMultiLevelTreeAdded" storage="c:\users\ppaluch\documents\visual studio 2010\projects\kongsberg.avl\kongsberg.avl.tests\bin\debug\kongsberg.avl.tests.dll" id="ac3c320c-83f7-a2eb-fbf0-3a8648275b07">
      <Execution id="6c03b054-779b-4739-9300-305d71d940fe" />
      <TestMethod codeBase="C:/Users/ppaluch/Documents/Visual Studio 2010/Projects/Kongsberg.AVL/Kongsberg.AVL.Tests/bin/Debug/Kongsberg.AVL.Tests.DLL" adapterTypeName="Microsoft.VisualStudio.TestTools.TestTypes.Unit.UnitTestAdapter, Microsoft.VisualStudio.QualityTools.Tips.UnitTest.Adapter, Version=10.0.0.0, Culture=neutral, PublicKeyToken=b03f5f7f11d50a3a" className="Kongsberg.AVL.Tests.AVLTreeTest, Kongsberg.AVL.Tests, Version=1.0.0.0, Culture=neutral, PublicKeyToken=null" name="AssertLeafEqualToActionObjectWhenMultipleNodesToMultiLevelTreeAdded" />
    </UnitTest>
    <UnitTest name="AssertResultKongsbergUsage" storage="c:\users\ppaluch\documents\visual studio 2010\projects\kongsberg.avl\kongsberg.avl.tests\bin\debug\kongsberg.avl.tests.dll" id="7481903d-3aae-d7e0-1810-5e6f59721434">
      <Execution id="b46fb329-c990-49a6-8d93-1d63eb88cb80" />
      <TestMethod codeBase="C:/Users/ppaluch/Documents/Visual Studio 2010/Projects/Kongsberg.AVL/Kongsberg.AVL.Tests/bin/Debug/Kongsberg.AVL.Tests.DLL" adapterTypeName="Microsoft.VisualStudio.TestTools.TestTypes.Unit.UnitTestAdapter, Microsoft.VisualStudio.QualityTools.Tips.UnitTest.Adapter, Version=10.0.0.0, Culture=neutral, PublicKeyToken=b03f5f7f11d50a3a" className="Kongsberg.AVL.Tests.AVLTreeTest, Kongsberg.AVL.Tests, Version=1.0.0.0, Culture=neutral, PublicKeyToken=null" name="AssertResultKongsbergUsage" />
    </UnitTest>
    <UnitTest name="AssertLeafEqualToActionObjectWhenOneNodeToSimpleTreeAdded" storage="c:\users\ppaluch\documents\visual studio 2010\projects\kongsberg.avl\kongsberg.avl.tests\bin\debug\kongsberg.avl.tests.dll" id="beae231e-2f5d-5388-d885-ef9acf394746">
      <Execution id="de3e3046-e816-4eda-8b90-2fc7fb75e689" />
      <TestMethod codeBase="C:/Users/ppaluch/Documents/Visual Studio 2010/Projects/Kongsberg.AVL/Kongsberg.AVL.Tests/bin/Debug/Kongsberg.AVL.Tests.DLL" adapterTypeName="Microsoft.VisualStudio.TestTools.TestTypes.Unit.UnitTestAdapter, Microsoft.VisualStudio.QualityTools.Tips.UnitTest.Adapter, Version=10.0.0.0, Culture=neutral, PublicKeyToken=b03f5f7f11d50a3a" className="Kongsberg.AVL.Tests.AVLTreeTest, Kongsberg.AVL.Tests, Version=1.0.0.0, Culture=neutral, PublicKeyToken=null" name="AssertLeafEqualToActionObjectWhenOneNodeToSimpleTreeAdded" />
    </UnitTest>
    <UnitTest name="AssertRRTreeRotationDone" storage="c:\users\ppaluch\documents\visual studio 2010\projects\kongsberg.avl\kongsberg.avl.tests\bin\debug\kongsberg.avl.tests.dll" id="863c5bc9-2a17-65a1-01a8-425c164a7694">
      <Execution id="947ea2a4-26e4-4311-a1b1-67a9d1190a81" />
      <TestMethod codeBase="C:/Users/ppaluch/Documents/Visual Studio 2010/Projects/Kongsberg.AVL/Kongsberg.AVL.Tests/bin/Debug/Kongsberg.AVL.Tests.DLL" adapterTypeName="Microsoft.VisualStudio.TestTools.TestTypes.Unit.UnitTestAdapter, Microsoft.VisualStudio.QualityTools.Tips.UnitTest.Adapter, Version=10.0.0.0, Culture=neutral, PublicKeyToken=b03f5f7f11d50a3a" className="Kongsberg.AVL.Tests.AVLTreeTest, Kongsberg.AVL.Tests, Version=1.0.0.0, Culture=neutral, PublicKeyToken=null" name="AssertRRTreeRotationDone" />
    </UnitTest>
    <UnitTest name="AssertLeafsEqualToActionObjectWhenThreeNodesToTreeAdded" storage="c:\users\ppaluch\documents\visual studio 2010\projects\kongsberg.avl\kongsberg.avl.tests\bin\debug\kongsberg.avl.tests.dll" id="3544e00e-50c5-bcb3-65ad-9342f61e557e">
      <Execution id="34309c47-9beb-4108-9aa6-3842b0d30070" />
      <TestMethod codeBase="C:/Users/ppaluch/Documents/Visual Studio 2010/Projects/Kongsberg.AVL/Kongsberg.AVL.Tests/bin/Debug/Kongsberg.AVL.Tests.DLL" adapterTypeName="Microsoft.VisualStudio.TestTools.TestTypes.Unit.UnitTestAdapter, Microsoft.VisualStudio.QualityTools.Tips.UnitTest.Adapter, Version=10.0.0.0, Culture=neutral, PublicKeyToken=b03f5f7f11d50a3a" className="Kongsberg.AVL.Tests.AVLTreeTest, Kongsberg.AVL.Tests, Version=1.0.0.0, Culture=neutral, PublicKeyToken=null" name="AssertLeafsEqualToActionObjectWhenThreeNodesToTreeAdded" />
    </UnitTest>
    <UnitTest name="AssertLeafEqualToActionObjectWhenOneLongNodeToMultiLevelTreeAdded" storage="c:\users\ppaluch\documents\visual studio 2010\projects\kongsberg.avl\kongsberg.avl.tests\bin\debug\kongsberg.avl.tests.dll" id="34bbb4a3-58a0-75ba-d363-21f036c929b0">
      <Execution id="e5ca73a6-bde3-41eb-bd21-9e084390fd89" />
      <TestMethod codeBase="C:/Users/ppaluch/Documents/Visual Studio 2010/Projects/Kongsberg.AVL/Kongsberg.AVL.Tests/bin/Debug/Kongsberg.AVL.Tests.DLL" adapterTypeName="Microsoft.VisualStudio.TestTools.TestTypes.Unit.UnitTestAdapter, Microsoft.VisualStudio.QualityTools.Tips.UnitTest.Adapter, Version=10.0.0.0, Culture=neutral, PublicKeyToken=b03f5f7f11d50a3a" className="Kongsberg.AVL.Tests.AVLTreeTest, Kongsberg.AVL.Tests, Version=1.0.0.0, Culture=neutral, PublicKeyToken=null" name="AssertLeafEqualToActionObjectWhenOneLongNodeToMultiLevelTreeAdded" />
    </UnitTest>
    <UnitTest name="AssertRLTreeRotationDone" storage="c:\users\ppaluch\documents\visual studio 2010\projects\kongsberg.avl\kongsberg.avl.tests\bin\debug\kongsberg.avl.tests.dll" id="6dc6b7da-f1b7-9cd3-17eb-994fc1e77d83">
      <Execution id="03b7f048-8497-4acd-bb53-b59b80d4bcc7" />
      <TestMethod codeBase="C:/Users/ppaluch/Documents/Visual Studio 2010/Projects/Kongsberg.AVL/Kongsberg.AVL.Tests/bin/Debug/Kongsberg.AVL.Tests.DLL" adapterTypeName="Microsoft.VisualStudio.TestTools.TestTypes.Unit.UnitTestAdapter, Microsoft.VisualStudio.QualityTools.Tips.UnitTest.Adapter, Version=10.0.0.0, Culture=neutral, PublicKeyToken=b03f5f7f11d50a3a" className="Kongsberg.AVL.Tests.AVLTreeTest, Kongsberg.AVL.Tests, Version=1.0.0.0, Culture=neutral, PublicKeyToken=null" name="AssertRLTreeRotationDone" />
    </UnitTest>
    <UnitTest name="AssertLeafEqualToActionObjectWhenOneNodeToDoubleLevelTreeAdded" storage="c:\users\ppaluch\documents\visual studio 2010\projects\kongsberg.avl\kongsberg.avl.tests\bin\debug\kongsberg.avl.tests.dll" id="e66b52ee-0ff2-62b7-d9e5-f8087d2e58d1">
      <Execution id="bcac99bf-004f-4d83-86fa-834610eb48da" />
      <TestMethod codeBase="C:/Users/ppaluch/Documents/Visual Studio 2010/Projects/Kongsberg.AVL/Kongsberg.AVL.Tests/bin/Debug/Kongsberg.AVL.Tests.DLL" adapterTypeName="Microsoft.VisualStudio.TestTools.TestTypes.Unit.UnitTestAdapter, Microsoft.VisualStudio.QualityTools.Tips.UnitTest.Adapter, Version=10.0.0.0, Culture=neutral, PublicKeyToken=b03f5f7f11d50a3a" className="Kongsberg.AVL.Tests.AVLTreeTest, Kongsberg.AVL.Tests, Version=1.0.0.0, Culture=neutral, PublicKeyToken=null" name="AssertLeafEqualToActionObjectWhenOneNodeToDoubleLevelTreeAdded" />
    </UnitTest>
  </TestDefinitions>
  <TestLists>
    <TestList name="Results Not in a List" id="8c84fa94-04c1-424b-9868-57a2d4851a1d" />
    <TestList name="All Loaded Results" id="19431567-8539-422a-85d7-44ee4e166bda" />
  </TestLists>
  <TestEntries>
    <TestEntry testId="34bbb4a3-58a0-75ba-d363-21f036c929b0" executionId="e5ca73a6-bde3-41eb-bd21-9e084390fd89" testListId="8c84fa94-04c1-424b-9868-57a2d4851a1d" />
    <TestEntry testId="3544e00e-50c5-bcb3-65ad-9342f61e557e" executionId="34309c47-9beb-4108-9aa6-3842b0d30070" testListId="8c84fa94-04c1-424b-9868-57a2d4851a1d" />
    <TestEntry testId="4cf07f4b-f3dd-f4b3-37d6-76cd74ce50ec" executionId="83606ef8-b496-4801-bf77-c1f838cbeaa2" testListId="8c84fa94-04c1-424b-9868-57a2d4851a1d" />
    <TestEntry testId="6dc6b7da-f1b7-9cd3-17eb-994fc1e77d83" executionId="03b7f048-8497-4acd-bb53-b59b80d4bcc7" testListId="8c84fa94-04c1-424b-9868-57a2d4851a1d" />
    <TestEntry testId="7481903d-3aae-d7e0-1810-5e6f59721434" executionId="b46fb329-c990-49a6-8d93-1d63eb88cb80" testListId="8c84fa94-04c1-424b-9868-57a2d4851a1d" />
    <TestEntry testId="863c5bc9-2a17-65a1-01a8-425c164a7694" executionId="947ea2a4-26e4-4311-a1b1-67a9d1190a81" testListId="8c84fa94-04c1-424b-9868-57a2d4851a1d" />
    <TestEntry testId="ac3c320c-83f7-a2eb-fbf0-3a8648275b07" executionId="6c03b054-779b-4739-9300-305d71d940fe" testListId="8c84fa94-04c1-424b-9868-57a2d4851a1d" />
    <TestEntry testId="beae231e-2f5d-5388-d885-ef9acf394746" executionId="de3e3046-e816-4eda-8b90-2fc7fb75e689" testListId="8c84fa94-04c1-424b-9868-57a2d4851a1d" />
    <TestEntry testId="e634ea4f-e046-3b2f-3fcf-6d25276741c4" executionId="5193e67e-fa0b-48ab-82ff-5bd3a0524186" testListId="8c84fa94-04c1-424b-9868-57a2d4851a1d" />
    <TestEntry testId="e66b52ee-0ff2-62b7-d9e5-f8087d2e58d1" executionId="bcac99bf-004f-4d83-86fa-834610eb48da" testListId="8c84fa94-04c1-424b-9868-57a2d4851a1d" />
  </TestEntries>
  <Results>
    <UnitTestResult executionId="e5ca73a6-bde3-41eb-bd21-9e084390fd89" testId="34bbb4a3-58a0-75ba-d363-21f036c929b0" testName="AssertLeafEqualToActionObjectWhenOneLongNodeToMultiLevelTreeAdded" computerName="PPALUCH-PC" duration="00:00:00.0462357" startTime="2011-07-04T12:36:52.8482317+02:00" endTime="2011-07-04T12:36:53.5262460+02:00" testType="13cdc9d9-ddb5-4fa4-a97d-d965ccfc6d4b" outcome="Passed" testListId="8c84fa94-04c1-424b-9868-57a2d4851a1d" relativeResultsDirectory="e5ca73a6-bde3-41eb-bd21-9e084390fd89">
    </UnitTestResult>
    <UnitTestResult executionId="34309c47-9beb-4108-9aa6-3842b0d30070" testId="3544e00e-50c5-bcb3-65ad-9342f61e557e" testName="AssertLeafsEqualToActionObjectWhenThreeNodesToTreeAdded" computerName="PPALUCH-PC" duration="00:00:00.0014381" startTime="2011-07-04T12:36:53.5422464+02:00" endTime="2011-07-04T12:36:53.5822472+02:00" testType="13cdc9d9-ddb5-4fa4-a97d-d965ccfc6d4b" outcome="Passed" testListId="8c84fa94-04c1-424b-9868-57a2d4851a1d" relativeResultsDirectory="34309c47-9beb-4108-9aa6-3842b0d30070">
    </UnitTestResult>
    <UnitTestResult executionId="83606ef8-b496-4801-bf77-c1f838cbeaa2" testId="4cf07f4b-f3dd-f4b3-37d6-76cd74ce50ec" testName="AssertLLTreeRotationDone" computerName="PPALUCH-PC" duration="00:00:00.0122829" startTime="2011-07-04T12:36:53.6022477+02:00" endTime="2011-07-04T12:36:53.6372484+02:00" testType="13cdc9d9-ddb5-4fa4-a97d-d965ccfc6d4b" outcome="Passed" testListId="8c84fa94-04c1-424b-9868-57a2d4851a1d" relativeResultsDirectory="83606ef8-b496-4801-bf77-c1f838cbeaa2">
    </UnitTestResult>
    <UnitTestResult executionId="03b7f048-8497-4acd-bb53-b59b80d4bcc7" testId="6dc6b7da-f1b7-9cd3-17eb-994fc1e77d83" testName="AssertRLTreeRotationDone" computerName="PPALUCH-PC" duration="00:00:00.0011250" startTime="2011-07-04T12:36:53.6452486+02:00" endTime="2011-07-04T12:36:53.6592489+02:00" testType="13cdc9d9-ddb5-4fa4-a97d-d965ccfc6d4b" outcome="Passed" testListId="8c84fa94-04c1-424b-9868-57a2d4851a1d" relativeResultsDirectory="03b7f048-8497-4acd-bb53-b59b80d4bcc7">
    </UnitTestResult>
    <UnitTestResult executionId="b46fb329-c990-49a6-8d93-1d63eb88cb80" testId="7481903d-3aae-d7e0-1810-5e6f59721434" testName="AssertResultKongsbergUsage" computerName="PPALUCH-PC" duration="00:00:00.0276327" startTime="2011-07-04T12:36:53.6652490+02:00" endTime="2011-07-04T12:36:53.7012498+02:00" testType="13cdc9d9-ddb5-4fa4-a97d-d965ccfc6d4b" outcome="Failed" testListId="8c84fa94-04c1-424b-9868-57a2d4851a1d" relativeResultsDirectory="b46fb329-c990-49a6-8d93-1d63eb88cb80">
      <Output>
        <ErrorInfo>
          <Message>Test method Kongsberg.AVL.Tests.AVLTreeTest.AssertResultKongsbergUsage threw exception: 
System.NullReferenceException: Object reference not set to an instance of an object.</Message>
          <StackTrace>    at Kongsberg.AVL.AVLTree.FindNode(Byte[] nodePath) in C:\Users\ppaluch\Documents\Visual Studio 2010\Projects\Kongsberg.AVL\Kongsberg.AVL\AVLTree.cs:line 301
   at Kongsberg.AVL.Tests.AVLTreeTest.AssertResultKongsbergUsage() in C:\Users\ppaluch\Documents\Visual Studio 2010\Projects\Kongsberg.AVL\Kongsberg.AVL.Tests\Properties\AVLTreeTest.cs:line 310
</StackTrace>
        </ErrorInfo>
      </Output>
    </UnitTestResult>
    <UnitTestResult executionId="947ea2a4-26e4-4311-a1b1-67a9d1190a81" testId="863c5bc9-2a17-65a1-01a8-425c164a7694" testName="AssertRRTreeRotationDone" computerName="PPALUCH-PC" duration="00:00:00.0051990" startTime="2011-07-04T12:36:53.7042498+02:00" endTime="2011-07-04T12:36:53.7192501+02:00" testType="13cdc9d9-ddb5-4fa4-a97d-d965ccfc6d4b" outcome="Passed" testListId="8c84fa94-04c1-424b-9868-57a2d4851a1d" relativeResultsDirectory="947ea2a4-26e4-4311-a1b1-67a9d1190a81">
    </UnitTestResult>
    <UnitTestResult executionId="6c03b054-779b-4739-9300-305d71d940fe" testId="ac3c320c-83f7-a2eb-fbf0-3a8648275b07" testName="AssertLeafEqualToActionObjectWhenMultipleNodesToMultiLevelTreeAdded" computerName="PPALUCH-PC" duration="00:00:00.0011433" startTime="2011-07-04T12:36:53.7322504+02:00" endTime="2011-07-04T12:36:53.7482507+02:00" testType="13cdc9d9-ddb5-4fa4-a97d-d965ccfc6d4b" outcome="Passed" testListId="8c84fa94-04c1-424b-9868-57a2d4851a1d" relativeResultsDirectory="6c03b054-779b-4739-9300-305d71d940fe">
    </UnitTestResult>
    <UnitTestResult executionId="de3e3046-e816-4eda-8b90-2fc7fb75e689" testId="beae231e-2f5d-5388-d885-ef9acf394746" testName="AssertLeafEqualToActionObjectWhenOneNodeToSimpleTreeAdded" computerName="PPALUCH-PC" duration="00:00:00.0004137" startTime="2011-07-04T12:36:53.7502508+02:00" endTime="2011-07-04T12:36:53.7602510+02:00" testType="13cdc9d9-ddb5-4fa4-a97d-d965ccfc6d4b" outcome="Passed" testListId="8c84fa94-04c1-424b-9868-57a2d4851a1d" relativeResultsDirectory="de3e3046-e816-4eda-8b90-2fc7fb75e689">
    </UnitTestResult>
    <UnitTestResult executionId="5193e67e-fa0b-48ab-82ff-5bd3a0524186" testId="e634ea4f-e046-3b2f-3fcf-6d25276741c4" testName="AssertLRTreeRotationDone" computerName="PPALUCH-PC" duration="00:00:00.0007322" startTime="2011-07-04T12:36:53.7642511+02:00" endTime="2011-07-04T12:36:53.7752513+02:00" testType="13cdc9d9-ddb5-4fa4-a97d-d965ccfc6d4b" outcome="Passed" testListId="8c84fa94-04c1-424b-9868-57a2d4851a1d" relativeResultsDirectory="5193e67e-fa0b-48ab-82ff-5bd3a0524186">
    </UnitTestResult>
    <UnitTestResult executionId="bcac99bf-004f-4d83-86fa-834610eb48da" testId="e66b52ee-0ff2-62b7-d9e5-f8087d2e58d1" testName="AssertLeafEqualToActionObjectWhenOneNodeToDoubleLevelTreeAdded" computerName="PPALUCH-PC" duration="00:00:00.0004618" startTime="2011-07-04T12:36:53.7812514+02:00" endTime="2011-07-04T12:36:53.7892516+02:00" testType="13cdc9d9-ddb5-4fa4-a97d-d965ccfc6d4b" outcome="Passed" testListId="8c84fa94-04c1-424b-9868-57a2d4851a1d" relativeResultsDirectory="bcac99bf-004f-4d83-86fa-834610eb48da">
    </UnitTestResult>
  </Results>
</TestRun>