<?xml version="1.0" encoding="UTF-8"?>
<TestRun id="50bbe424-a825-4832-87de-7a8c2c1ee864" name="ppaluch@PPALUCH-PC 2011-07-01 11:08:12" runUser="ppaluch-PC\ppaluch" xmlns="http://microsoft.com/schemas/VisualStudio/TeamTest/2010">
  <TestSettings name="Local" id="0fe7432d-44f5-4c37-bd61-36814148c0df">
    <Description>These are default test settings for a local test run.</Description>
    <Deployment enabled="false" runDeploymentRoot="ppaluch_PPALUCH-PC 2011-07-01 11_08_12">
      <DeploymentItem filename="C:\Users\ppaluch\Documents\Visual Studio 2010\Projects\Kongsberg.AVL\Kongsberg.AVL\bin\Debug\Kongsberg.AVL.dll" />
    </Deployment>
    <Execution>
      <TestTypeSpecific />
      <AgentRule name="Execution Agents">
      </AgentRule>
    </Execution>
  </TestSettings>
  <Times creation="2011-07-01T11:08:12.1611885+02:00" queuing="2011-07-01T11:08:12.2251901+02:00" start="2011-07-01T11:08:12.3361930+02:00" finish="2011-07-01T11:08:13.3112180+02:00" />
  <ResultSummary outcome="Completed">
    <Counters total="1" executed="1" passed="1" error="0" failed="0" timeout="0" aborted="0" inconclusive="0" passedButRunAborted="0" notRunnable="0" notExecuted="0" disconnected="0" warning="0" completed="0" inProgress="0" pending="0" />
  </ResultSummary>
  <TestDefinitions>
    <UnitTest name="AssertLeafEqualToActionObjectWhenOneLongNodeToDoubleLevelTreeAdded" storage="c:\users\ppaluch\documents\visual studio 2010\projects\kongsberg.avl\kongsberg.avl.tests\bin\debug\kongsberg.avl.tests.dll" id="a696e459-f08b-92a5-f9a0-b43282f57056">
      <Execution id="ef236734-308b-409b-88f0-296937ccae32" />
      <TestMethod codeBase="C:/Users/ppaluch/Documents/Visual Studio 2010/Projects/Kongsberg.AVL/Kongsberg.AVL.Tests/bin/Debug/Kongsberg.AVL.Tests.DLL" adapterTypeName="Microsoft.VisualStudio.TestTools.TestTypes.Unit.UnitTestAdapter, Microsoft.VisualStudio.QualityTools.Tips.UnitTest.Adapter, Version=10.0.0.0, Culture=neutral, PublicKeyToken=b03f5f7f11d50a3a" className="Kongsberg.AVL.Tests.AVLTreeTest, Kongsberg.AVL.Tests, Version=1.0.0.0, Culture=neutral, PublicKeyToken=null" name="AssertLeafEqualToActionObjectWhenOneLongNodeToDoubleLevelTreeAdded" />
    </UnitTest>
  </TestDefinitions>
  <TestLists>
    <TestList name="Results Not in a List" id="8c84fa94-04c1-424b-9868-57a2d4851a1d" />
    <TestList name="All Loaded Results" id="19431567-8539-422a-85d7-44ee4e166bda" />
  </TestLists>
  <TestEntries>
    <TestEntry testId="a696e459-f08b-92a5-f9a0-b43282f57056" executionId="ef236734-308b-409b-88f0-296937ccae32" testListId="8c84fa94-04c1-424b-9868-57a2d4851a1d" />
  </TestEntries>
  <Results>
    <UnitTestResult executionId="ef236734-308b-409b-88f0-296937ccae32" testId="a696e459-f08b-92a5-f9a0-b43282f57056" testName="AssertLeafEqualToActionObjectWhenOneLongNodeToDoubleLevelTreeAdded" computerName="PPALUCH-PC" duration="00:00:00.0270652" startTime="2011-07-01T11:08:12.4441958+02:00" endTime="2011-07-01T11:08:13.2492164+02:00" testType="13cdc9d9-ddb5-4fa4-a97d-d965ccfc6d4b" outcome="Passed" testListId="8c84fa94-04c1-424b-9868-57a2d4851a1d" relativeResultsDirectory="ef236734-308b-409b-88f0-296937ccae32">
    </UnitTestResult>
  </Results>
</TestRun>