<?xml version="1.0" encoding="UTF-8"?>
<TestRun id="79f81867-da7b-439d-89ae-abc8e4ea2052" name="ppaluch@PPALUCH-PC 2011-07-01 11:37:24" runUser="ppaluch-PC\ppaluch" xmlns="http://microsoft.com/schemas/VisualStudio/TeamTest/2010">
  <TestSettings name="Local" id="0fe7432d-44f5-4c37-bd61-36814148c0df">
    <Description>These are default test settings for a local test run.</Description>
    <Deployment enabled="false" runDeploymentRoot="ppaluch_PPALUCH-PC 2011-07-01 11_37_24">
      <DeploymentItem filename="C:\Users\ppaluch\Documents\Visual Studio 2010\Projects\Kongsberg.AVL\Kongsberg.AVL\bin\Debug\Kongsberg.AVL.dll" />
    </Deployment>
    <Execution>
      <TestTypeSpecific />
      <AgentRule name="Execution Agents">
      </AgentRule>
    </Execution>
  </TestSettings>
  <Times creation="2011-07-01T11:37:24.5662241+02:00" queuing="2011-07-01T11:37:31.7964099+02:00" start="2011-07-01T11:37:32.4054256+02:00" finish="2011-07-01T11:38:56.2215796+02:00" />
  <ResultSummary outcome="Error">
    <Counters total="1" executed="1" error="0" failed="0" timeout="0" aborted="1" inconclusive="0" passedButRunAborted="0" notRunnable="0" notExecuted="0" disconnected="0" warning="0" passed="0" completed="0" inProgress="0" pending="0" />
    <RunInfos>
      <RunInfo computerName="PPALUCH-PC" outcome="Error" timestamp="2011-07-01T11:38:56.2165795+02:00">
        <Text>Test host process exited unexpectedly.</Text>
      </RunInfo>
    </RunInfos>
  </ResultSummary>
  <TestDefinitions>
    <UnitTest name="AssertLeafEqualToActionObjectWhenMultipleNodesToMultiLevelTreeAdded" storage="c:\users\ppaluch\documents\visual studio 2010\projects\kongsberg.avl\kongsberg.avl.tests\bin\debug\kongsberg.avl.tests.dll" id="ac3c320c-83f7-a2eb-fbf0-3a8648275b07">
      <Execution id="8ba71309-bf20-4bd6-91ad-8d73d0feea81" />
      <TestMethod codeBase="C:/Users/ppaluch/Documents/Visual Studio 2010/Projects/Kongsberg.AVL/Kongsberg.AVL.Tests/bin/Debug/Kongsberg.AVL.Tests.DLL" adapterTypeName="Microsoft.VisualStudio.TestTools.TestTypes.Unit.UnitTestAdapter, Microsoft.VisualStudio.QualityTools.Tips.UnitTest.Adapter, Version=10.0.0.0, Culture=neutral, PublicKeyToken=b03f5f7f11d50a3a" className="Kongsberg.AVL.Tests.AVLTreeTest, Kongsberg.AVL.Tests, Version=1.0.0.0, Culture=neutral, PublicKeyToken=null" name="AssertLeafEqualToActionObjectWhenMultipleNodesToMultiLevelTreeAdded" />
    </UnitTest>
  </TestDefinitions>
  <TestLists>
    <TestList name="Results Not in a List" id="8c84fa94-04c1-424b-9868-57a2d4851a1d" />
    <TestList name="All Loaded Results" id="19431567-8539-422a-85d7-44ee4e166bda" />
  </TestLists>
  <TestEntries>
    <TestEntry testId="ac3c320c-83f7-a2eb-fbf0-3a8648275b07" executionId="8ba71309-bf20-4bd6-91ad-8d73d0feea81" testListId="8c84fa94-04c1-424b-9868-57a2d4851a1d" />
  </TestEntries>
  <Results>
    <UnitTestResult executionId="8ba71309-bf20-4bd6-91ad-8d73d0feea81" testId="ac3c320c-83f7-a2eb-fbf0-3a8648275b07" testName="AssertLeafEqualToActionObjectWhenMultipleNodesToMultiLevelTreeAdded" computerName="PPALUCH-PC" duration="00:01:23.3271415" startTime="2011-07-01T11:37:32.8934381+02:00" endTime="2011-07-01T11:38:56.2205796+02:00" testType="13cdc9d9-ddb5-4fa4-a97d-d965ccfc6d4b" outcome="Aborted" testListId="8c84fa94-04c1-424b-9868-57a2d4851a1d" relativeResultsDirectory="8ba71309-bf20-4bd6-91ad-8d73d0feea81">
    </UnitTestResult>
  </Results>
</TestRun>