<?xml version="1.0" encoding="UTF-8"?>
<TestRun id="342d16c2-c72f-4f7d-ba55-af333d5ed6c5" name="ppaluch@PPALUCH-PC 2011-07-04 12:35:24" runUser="ppaluch-PC\ppaluch" xmlns="http://microsoft.com/schemas/VisualStudio/TeamTest/2010">
  <TestSettings name="Local" id="0fe7432d-44f5-4c37-bd61-36814148c0df">
    <Description>These are default test settings for a local test run.</Description>
    <Deployment enabled="false" runDeploymentRoot="ppaluch_PPALUCH-PC 2011-07-04 12_35_24">
      <DeploymentItem filename="C:\Users\ppaluch\Documents\Visual Studio 2010\Projects\Kongsberg.AVL\Kongsberg.AVL\bin\Debug\Kongsberg.AVL.dll" />
    </Deployment>
    <Execution>
      <TestTypeSpecific />
      <AgentRule name="Execution Agents">
      </AgentRule>
    </Execution>
  </TestSettings>
  <Times creation="2011-07-04T12:35:24.1973523+02:00" queuing="2011-07-04T12:35:24.2583536+02:00" start="2011-07-04T12:35:24.2703539+02:00" finish="2011-07-04T12:35:25.0763709+02:00" />
  <ResultSummary outcome="Failed">
    <Counters total="1" executed="1" error="0" failed="1" timeout="0" aborted="0" inconclusive="0" passedButRunAborted="0" notRunnable="0" notExecuted="0" disconnected="0" warning="0" passed="0" completed="0" inProgress="0" pending="0" />
  </ResultSummary>
  <TestDefinitions>
    <UnitTest name="AssertResultKongsbergUsage" storage="c:\users\ppaluch\documents\visual studio 2010\projects\kongsberg.avl\kongsberg.avl.tests\bin\debug\kongsberg.avl.tests.dll" id="7481903d-3aae-d7e0-1810-5e6f59721434">
      <Execution id="9b761ef7-0a62-4858-b584-a94d49eee8b7" />
      <TestMethod codeBase="C:/Users/ppaluch/Documents/Visual Studio 2010/Projects/Kongsberg.AVL/Kongsberg.AVL.Tests/bin/Debug/Kongsberg.AVL.Tests.DLL" adapterTypeName="Microsoft.VisualStudio.TestTools.TestTypes.Unit.UnitTestAdapter, Microsoft.VisualStudio.QualityTools.Tips.UnitTest.Adapter, Version=10.0.0.0, Culture=neutral, PublicKeyToken=b03f5f7f11d50a3a" className="Kongsberg.AVL.Tests.AVLTreeTest, Kongsberg.AVL.Tests, Version=1.0.0.0, Culture=neutral, PublicKeyToken=null" name="AssertResultKongsbergUsage" />
    </UnitTest>
  </TestDefinitions>
  <TestLists>
    <TestList name="Results Not in a List" id="8c84fa94-04c1-424b-9868-57a2d4851a1d" />
    <TestList name="All Loaded Results" id="19431567-8539-422a-85d7-44ee4e166bda" />
  </TestLists>
  <TestEntries>
    <TestEntry testId="7481903d-3aae-d7e0-1810-5e6f59721434" executionId="9b761ef7-0a62-4858-b584-a94d49eee8b7" testListId="8c84fa94-04c1-424b-9868-57a2d4851a1d" />
  </TestEntries>
  <Results>
    <UnitTestResult executionId="9b761ef7-0a62-4858-b584-a94d49eee8b7" testId="7481903d-3aae-d7e0-1810-5e6f59721434" testName="AssertResultKongsbergUsage" computerName="PPALUCH-PC" duration="00:00:00.2608405" startTime="2011-07-04T12:35:24.2853542+02:00" endTime="2011-07-04T12:35:25.0253699+02:00" testType="13cdc9d9-ddb5-4fa4-a97d-d965ccfc6d4b" outcome="Failed" testListId="8c84fa94-04c1-424b-9868-57a2d4851a1d" relativeResultsDirectory="9b761ef7-0a62-4858-b584-a94d49eee8b7">
      <Output>
        <ErrorInfo>
          <Message>Test method Kongsberg.AVL.Tests.AVLTreeTest.AssertResultKongsbergUsage threw exception: 
System.NullReferenceException: Object reference not set to an instance of an object.</Message>
          <StackTrace>    at Kongsberg.AVL.AVLTree.FindNode(Byte[] nodePath) in C:\Users\ppaluch\Documents\Visual Studio 2010\Projects\Kongsberg.AVL\Kongsberg.AVL\AVLTree.cs:line 301
   at Kongsberg.AVL.Tests.AVLTreeTest.AssertResultKongsbergUsage() in C:\Users\ppaluch\Documents\Visual Studio 2010\Projects\Kongsberg.AVL\Kongsberg.AVL.Tests\Properties\AVLTreeTest.cs:line 310
</StackTrace>
        </ErrorInfo>
      </Output>
    </UnitTestResult>
  </Results>
</TestRun>